Build started 19.01.2016 11:50:55.
     1>Project "C:\Users\Maxwell\Desktop\nabto\unabto_sdk\unabto\demo\pc_demo\unabto_win32\unabto_win32.vcxproj" on node 2 (Build target(s)).
     1>ClCompile:
         C:\VSC\VC\bin\CL.exe /c /I../../../src /I../src /I../../../src/platforms/win32 /ZI /nologo /W3 /WX- /Od /Oy- /D WIN32 /D _DEBUG /D _CONSOLE /D _UNICODE /D UNICODE /Gm /EHsc /RTC1 /MDd /GS /fp:precise /Zc:wchar_t /Zc:forScope /Zc:inline /Fo"Debug\\" /Fd"Debug\vc140.pdb" /Gd /TC /analyze- /errorReport:prompt ..\..\..\src\modules\cli\gopt\gopt.c ..\..\..\src\modules\cli\gopt\unabto_args_gopt.c ..\..\..\src\modules\crypto\generic\unabto_aes.c ..\..\..\src\modules\crypto\generic\unabto_aes_cbc.c ..\..\..\src\modules\crypto\generic\unabto_hmac_sha256.c ..\..\..\src\modules\crypto\generic\unabto_sha256.c ..\..\..\src\modules\diagnostics\unabto_diag.c ..\..\..\src\modules\network\winsock\unabto_winsock.c ..\..\..\src\modules\network\winsock\unabto_winsock_dns.c ..\..\..\src\modules\random\dummy\unabto_random_dummy.c ..\..\..\src\platforms\unabto_printf_logger.c ..\..\..\src\modules\log\win32\unabto_log_header_win32.c ..\..\..\src\platforms\win32\unabto_platform.c ..\..\..\src\unabto\unabto_aes128_sha256.c ..\..\..\src\unabto\unabto_app_adapter.c ..\..\..\src\unabto\unabto_attach.c ..\..\..\src\unabto\unabto_buffers.c ..\..\..\src\unabto\unabto_common_main.c ..\..\..\src\unabto\unabto_connection.c ..\..\..\src\unabto\unabto_context.c ..\..\..\src\unabto\unabto_crypto.c ..\..\..\src\unabto\unabto_message.c ..\..\..\src\unabto\unabto_packet.c ..\..\..\src\unabto\unabto_packet_util.c ..\..\..\src\unabto\unabto_prf.c ..\..\..\src\unabto\unabto_query_rw.c ..\..\..\src\unabto\unabto_stream.c ..\..\..\src\unabto\unabto_stream_event.c ..\..\..\src\unabto\util\unabto_buffer.c ..\..\..\src\unabto\util\unabto_queue.c ..\src\unabto_application.c ..\src\unabto_main.c
         unabto_main.c
         unabto_application.c
         unabto_queue.c
         unabto_buffer.c
         unabto_stream_event.c
         unabto_stream.c
         unabto_query_rw.c
         unabto_prf.c
         unabto_packet_util.c
         unabto_packet.c
         unabto_message.c
         unabto_crypto.c
         unabto_context.c
         unabto_connection.c
         unabto_common_main.c
         unabto_buffers.c
     1>c:\users\maxwell\desktop\nabto\unabto_sdk\unabto\src\unabto\unabto_buffers.c(171): warning C4267: 'function': conversion from 'size_t' to 'uint16_t', possible loss of data
         unabto_attach.c
     1>c:\users\maxwell\desktop\nabto\unabto_sdk\unabto\src\unabto\unabto_attach.c(400): warning C4267: 'function': conversion from 'size_t' to 'uint16_t', possible loss of data
     1>c:\users\maxwell\desktop\nabto\unabto_sdk\unabto\src\unabto\unabto_attach.c(577): warning C4101: 'privatEp': unreferenced local variable
         unabto_app_adapter.c
         unabto_aes128_sha256.c
         unabto_platform.c
         Generating Code...
         Compiling...
         unabto_log_header_win32.c
         unabto_printf_logger.c
         unabto_random_dummy.c
     1>c:\users\maxwell\desktop\nabto\unabto_sdk\unabto\src\modules\random\dummy\unabto_random_dummy.c(16): warning : Using an incomplete random implementation. Please use a real random implementation.
         unabto_winsock_dns.c
     1>c:\users\maxwell\desktop\nabto\unabto_sdk\unabto\src\modules\network\winsock\unabto_winsock_dns.c(21): warning C4996: 'inet_addr': Use inet_pton() or InetPton() instead or define _WINSOCK_DEPRECATED_NO_WARNINGS to disable deprecated API warnings
         c:\program files (x86)\windows kits\8.1\include\um\winsock2.h(1850): note: see declaration of 'inet_addr'
     1>c:\users\maxwell\desktop\nabto\unabto_sdk\unabto\src\modules\network\winsock\unabto_winsock_dns.c(26): warning C4996: 'gethostbyname': Use getaddrinfo() or GetAddrInfoW() instead or define _WINSOCK_DEPRECATED_NO_WARNINGS to disable deprecated API warnings
         c:\program files (x86)\windows kits\8.1\include\um\winsock2.h(2238): note: see declaration of 'gethostbyname'
         unabto_winsock.c
     1>c:\users\maxwell\desktop\nabto\unabto_sdk\unabto\src\modules\network\winsock\unabto_winsock.c(268): warning C4477: 'printf' : format string '%s' requires an argument of type 'char *', but variadic argument 1 has type 'int'
         unabto_diag.c
         unabto_sha256.c
     1>c:\users\maxwell\desktop\nabto\unabto_sdk\unabto\src\modules\crypto\generic\unabto_sha256.c(132): warning C4114: same type qualifier used more than once
     1>c:\users\maxwell\desktop\nabto\unabto_sdk\unabto\src\modules\crypto\generic\unabto_sha256.c(152): warning C4114: same type qualifier used more than once
         unabto_hmac_sha256.c
         unabto_aes_cbc.c
         unabto_aes.c
     1>c:\users\maxwell\desktop\nabto\unabto_sdk\unabto\src\modules\crypto\generic\unabto_aes.c(92): warning C4114: same type qualifier used more than once
     1>c:\users\maxwell\desktop\nabto\unabto_sdk\unabto\src\modules\crypto\generic\unabto_aes.c(131): warning C4114: same type qualifier used more than once
         unabto_args_gopt.c
     1>c:\users\maxwell\desktop\nabto\unabto_sdk\unabto\src\modules\cli\gopt\unabto_args_gopt.c(173): warning C4267: '=': conversion from 'size_t' to 'uint16_t', possible loss of data
     1>c:\users\maxwell\desktop\nabto\unabto_sdk\unabto\src\modules\cli\gopt\unabto_args_gopt.c(151): warning C4996: 'inet_addr': Use inet_pton() or InetPton() instead or define _WINSOCK_DEPRECATED_NO_WARNINGS to disable deprecated API warnings
         c:\program files (x86)\windows kits\8.1\include\um\winsock2.h(1850): note: see declaration of 'inet_addr'
     1>c:\users\maxwell\desktop\nabto\unabto_sdk\unabto\src\modules\cli\gopt\unabto_args_gopt.c(177): warning C4996: 'inet_addr': Use inet_pton() or InetPton() instead or define _WINSOCK_DEPRECATED_NO_WARNINGS to disable deprecated API warnings
         c:\program files (x86)\windows kits\8.1\include\um\winsock2.h(1850): note: see declaration of 'inet_addr'
         gopt.c
         Generating Code...
       Link:
         C:\VSC\VC\bin\link.exe /ERRORREPORT:PROMPT /OUT:"C:\Users\Maxwell\Desktop\nabto\unabto_sdk\unabto\demo\pc_demo\unabto_win32\Debug\unabto_win32.exe" /INCREMENTAL /NOLOGO ws2_32.lib kernel32.lib user32.lib gdi32.lib winspool.lib comdlg32.lib advapi32.lib shell32.lib ole32.lib oleaut32.lib uuid.lib odbc32.lib odbccp32.lib /MANIFEST /MANIFESTUAC:"level='asInvoker' uiAccess='false'" /manifest:embed /Debug /PDB:"C:\Users\Maxwell\Desktop\nabto\unabto_sdk\unabto\demo\pc_demo\unabto_win32\Debug\unabto_win32.pdb" /SUBSYSTEM:CONSOLE /TLBID:1 /DYNAMICBASE /NXCOMPAT /IMPLIB:"C:\Users\Maxwell\Desktop\nabto\unabto_sdk\unabto\demo\pc_demo\unabto_win32\Debug\unabto_win32.lib" /MACHINE:X86 /SAFESEH Debug\gopt.obj
         Debug\unabto_args_gopt.obj
         Debug\unabto_aes.obj
         Debug\unabto_aes_cbc.obj
         Debug\unabto_hmac_sha256.obj
         Debug\unabto_sha256.obj
         Debug\unabto_diag.obj
         Debug\unabto_winsock.obj
         Debug\unabto_winsock_dns.obj
         Debug\unabto_random_dummy.obj
         Debug\unabto_printf_logger.obj
         Debug\unabto_log_header_win32.obj
         Debug\unabto_platform.obj
         Debug\unabto_aes128_sha256.obj
         Debug\unabto_app_adapter.obj
         Debug\unabto_attach.obj
         Debug\unabto_buffers.obj
         Debug\unabto_common_main.obj
         Debug\unabto_connection.obj
         Debug\unabto_context.obj
         Debug\unabto_crypto.obj
         Debug\unabto_message.obj
         Debug\unabto_packet.obj
         Debug\unabto_packet_util.obj
         Debug\unabto_prf.obj
         Debug\unabto_query_rw.obj
         Debug\unabto_stream.obj
         Debug\unabto_stream_event.obj
         Debug\unabto_buffer.obj
         Debug\unabto_queue.obj
         Debug\unabto_application.obj
         Debug\unabto_main.obj
     1>gopt.obj : warning LNK4075: ignoring '/EDITANDCONTINUE' due to '/SAFESEH' specification
         unabto_win32.vcxproj -> C:\Users\Maxwell\Desktop\nabto\unabto_sdk\unabto\demo\pc_demo\unabto_win32\Debug\unabto_win32.exe
     1>Done Building Project "C:\Users\Maxwell\Desktop\nabto\unabto_sdk\unabto\demo\pc_demo\unabto_win32\unabto_win32.vcxproj" (Build target(s)).

Build succeeded.

Time Elapsed 00:00:17.61
